Determining if the pthread_create exist failed with the following output:
Change Dir: /home/cc/ee106a/fa19/class/ee106a-acl/project_workspace/build/CMakeFiles/CMakeTmp

Run Build Command:"/usr/bin/make" "cmTC_ae0ea/fast"
/usr/bin/make -f CMakeFiles/cmTC_ae0ea.dir/build.make CMakeFiles/cmTC_ae0ea.dir/build
make[1]: Entering directory '/home/cc/ee106a/fa19/class/ee106a-acl/project_workspace/build/CMakeFiles/CMakeTmp'
Building C object CMakeFiles/cmTC_ae0ea.dir/CheckSymbolExists.c.o
/usr/bin/cc     -o CMakeFiles/cmTC_ae0ea.dir/CheckSymbolExists.c.o   -c /home/cc/ee106a/fa19/class/ee106a-acl/project_workspace/build/CMakeFiles/CMakeTmp/CheckSymbolExists.c
Linking C executable cmTC_ae0ea
/usr/bin/cmake -E cmake_link_script CMakeFiles/cmTC_ae0ea.dir/link.txt --verbose=1
/usr/bin/cc       CMakeFiles/cmTC_ae0ea.dir/CheckSymbolExists.c.o  -o cmTC_ae0ea -rdynamic 
CMakeFiles/cmTC_ae0ea.dir/CheckSymbolExists.c.o: In function `main':
CheckSymbolExists.c:(.text+0x16): undefined reference to `pthread_create'
collect2: error: ld returned 1 exit status
CMakeFiles/cmTC_ae0ea.dir/build.make:97: recipe for target 'cmTC_ae0ea' failed
make[1]: *** [cmTC_ae0ea] Error 1
make[1]: Leaving directory '/home/cc/ee106a/fa19/class/ee106a-acl/project_workspace/build/CMakeFiles/CMakeTmp'
Makefile:126: recipe for target 'cmTC_ae0ea/fast' failed
make: *** [cmTC_ae0ea/fast] Error 2

File /home/cc/ee106a/fa19/class/ee106a-acl/project_workspace/build/CMakeFiles/CMakeTmp/CheckSymbolExists.c:
/* */
#include <pthread.h>

int main(int argc, char** argv)
{
  (void)argv;
#ifndef pthread_create
  return ((int*)(&pthread_create))[argc];
#else
  (void)argc;
  return 0;
#endif
}

Determining if the function pthread_create exists in the pthreads failed with the following output:
Change Dir: /home/cc/ee106a/fa19/class/ee106a-acl/project_workspace/build/CMakeFiles/CMakeTmp

Run Build Command:"/usr/bin/make" "cmTC_4561a/fast"
/usr/bin/make -f CMakeFiles/cmTC_4561a.dir/build.make CMakeFiles/cmTC_4561a.dir/build
make[1]: Entering directory '/home/cc/ee106a/fa19/class/ee106a-acl/project_workspace/build/CMakeFiles/CMakeTmp'
Building C object CMakeFiles/cmTC_4561a.dir/CheckFunctionExists.c.o
/usr/bin/cc    -DCHECK_FUNCTION_EXISTS=pthread_create   -o CMakeFiles/cmTC_4561a.dir/CheckFunctionExists.c.o   -c /usr/share/cmake-3.5/Modules/CheckFunctionExists.c
Linking C executable cmTC_4561a
/usr/bin/cmake -E cmake_link_script CMakeFiles/cmTC_4561a.dir/link.txt --verbose=1
/usr/bin/cc   -DCHECK_FUNCTION_EXISTS=pthread_create    CMakeFiles/cmTC_4561a.dir/CheckFunctionExists.c.o  -o cmTC_4561a -rdynamic -lpthreads 
/usr/bin/ld: cannot find -lpthreads
collect2: error: ld returned 1 exit status
CMakeFiles/cmTC_4561a.dir/build.make:97: recipe for target 'cmTC_4561a' failed
make[1]: *** [cmTC_4561a] Error 1
make[1]: Leaving directory '/home/cc/ee106a/fa19/class/ee106a-acl/project_workspace/build/CMakeFiles/CMakeTmp'
Makefile:126: recipe for target 'cmTC_4561a/fast' failed
make: *** [cmTC_4561a/fast] Error 2


